[2018-10-27 23:42:37] production.ERROR: exception 'PDOException' with message 'SQLSTATE[HY000] [1045] Access denied for user 'root'@'localhost' (using password: YES)' in C:\xampp5\htdocs\landing-tiec\vendor\laravel\framework\src\Illuminate\Database\Connectors\Connector.php:55
Stack trace:
#0 C:\xampp5\htdocs\landing-tiec\vendor\laravel\framework\src\Illuminate\Database\Connectors\Connector.php(55): PDO->__construct('mysql:host=127....', 'root', '2166b7322AKa', Array)
#1 C:\xampp5\htdocs\landing-tiec\vendor\laravel\framework\src\Illuminate\Database\Connectors\MySqlConnector.php(24): Illuminate\Database\Connectors\Connector->createConnection('mysql:host=127....', Array, Array)
#2 C:\xampp5\htdocs\landing-tiec\bootstrap\cache\compiled.php(11845): Illuminate\Database\Connectors\MySqlConnector->connect(Array)
#3 [internal function]: Illuminate\Database\Connectors\ConnectionFactory->Illuminate\Database\Connectors\{closure}()
#4 C:\xampp5\htdocs\landing-tiec\vendor\laravel\framework\src\Illuminate\Database\Connection.php(924): call_user_func(Object(Closure))
#5 C:\xampp5\htdocs\landing-tiec\vendor\laravel\framework\src\Illuminate\Database\Connection.php(792): Illuminate\Database\Connection->getPdo()
#6 C:\xampp5\htdocs\landing-tiec\vendor\laravel\framework\src\Illuminate\Database\Connection.php(677): Illuminate\Database\Connection->reconnectIfMissingConnection()
#7 C:\xampp5\htdocs\landing-tiec\vendor\laravel\framework\src\Illuminate\Database\Connection.php(349): Illuminate\Database\Connection->run('select `value`,...', Array, Object(Closure))
#8 C:\xampp5\htdocs\landing-tiec\vendor\laravel\framework\src\Illuminate\Database\Query\Builder.php(1610): Illuminate\Database\Connection->select('select `value`,...', Array, true)
#9 C:\xampp5\htdocs\landing-tiec\vendor\laravel\framework\src\Illuminate\Database\Query\Builder.php(1596): Illuminate\Database\Query\Builder->runSelect()
#10 C:\xampp5\htdocs\landing-tiec\vendor\laravel\framework\src\Illuminate\Database\Query\Builder.php(1843): Illuminate\Database\Query\Builder->get(Array)
#11 C:\xampp5\htdocs\landing-tiec\vendor\laravel\framework\src\Illuminate\Database\Eloquent\Builder.php(442): Illuminate\Database\Query\Builder->pluck('value', 'name')
#12 C:\xampp5\htdocs\landing-tiec\vendor\laravel\framework\src\Illuminate\Database\Eloquent\Builder.php(469): Illuminate\Database\Eloquent\Builder->pluck('value', 'name')
#13 C:\xampp5\htdocs\landing-tiec\app\Http\Controllers\Frontend\HomeController.php(38): Illuminate\Database\Eloquent\Builder->lists('value', 'name')
#14 [internal function]: App\Http\Controllers\Frontend\HomeController->index(Object(Illuminate\Http\Request))
#15 C:\xampp5\htdocs\landing-tiec\bootstrap\cache\compiled.php(9424): call_user_func_array(Array, Array)
#16 C:\xampp5\htdocs\landing-tiec\bootstrap\cache\compiled.php(9486): Illuminate\Routing\Controller->callAction('index', Array)
#17 C:\xampp5\htdocs\landing-tiec\bootstrap\cache\compiled.php(9466): Illuminate\Routing\ControllerDispatcher->call(Object(App\Http\Controllers\Frontend\HomeController), Object(Illuminate\Routing\Route), 'index')
#18 [internal function]: Illuminate\Routing\ControllerDispatcher->Illuminate\Routing\{closure}(Object(Illuminate\Http\Request))
#19 C:\xampp5\htdocs\landing-tiec\vendor\laravel\framework\src\Illuminate\Routing\Pipeline.php(52): call_user_func(Object(Closure), Object(Illuminate\Http\Request))
#20 [internal function]: Illuminate\Routing\Pipeline->Illuminate\Routing\{closure}(Object(Illuminate\Http\Request))
#21 C:\xampp5\htdocs\landing-tiec\bootstrap\cache\compiled.php(9948): call_user_func(Object(Closure), Object(Illuminate\Http\Request))
#22 C:\xampp5\htdocs\landing-tiec\bootstrap\cache\compiled.php(9467): Illuminate\Pipeline\Pipeline->then(Object(Closure))
#23 C:\xampp5\htdocs\landing-tiec\bootstrap\cache\compiled.php(9454): Illuminate\Routing\ControllerDispatcher->callWithinStack(Object(App\Http\Controllers\Frontend\HomeController), Object(Illuminate\Routing\Route), Object(Illuminate\Http\Request), 'index')
#24 C:\xampp5\htdocs\landing-tiec\bootstrap\cache\compiled.php(8524): Illuminate\Routing\ControllerDispatcher->dispatch(Object(Illuminate\Routing\Route), Object(Illuminate\Http\Request), 'App\\Http\\Contro...', 'index')
#25 C:\xampp5\htdocs\landing-tiec\bootstrap\cache\compiled.php(8511): Illuminate\Routing\Route->runController(Object(Illuminate\Http\Request))
#26 C:\xampp5\htdocs\landing-tiec\bootstrap\cache\compiled.php(8225): Illuminate\Routing\Route->run(Object(Illuminate\Http\Request))
#27 [internal function]: Illuminate\Routing\Router->Illuminate\Routing\{closure}(Object(Illuminate\Http\Request))
#28 C:\xampp5\htdocs\landing-tiec\vendor\laravel\framework\src\Illuminate\Routing\Pipeline.php(52): call_user_func(Object(Closure), Object(Illuminate\Http\Request))
#29 C:\xampp5\htdocs\landing-tiec\bootstrap\cache\compiled.php(3225): Illuminate\Routing\Pipeline->Illuminate\Routing\{closure}(Object(Illuminate\Http\Request))
#30 [internal function]: Illuminate\Foundation\Http\Middleware\VerifyCsrfToken->handle(Object(Illuminate\Http\Request), Object(Closure))
#31 C:\xampp5\htdocs\landing-tiec\bootstrap\cache\compiled.php(9963): call_user_func_array(Array, Array)
#32 [internal function]: Illuminate\Pipeline\Pipeline->Illuminate\Pipeline\{closure}(Object(Illuminate\Http\Request))
#33 C:\xampp5\htdocs\landing-tiec\vendor\laravel\framework\src\Illuminate\Routing\Pipeline.php(32): call_user_func(Object(Closure), Object(Illuminate\Http\Request))
#34 C:\xampp5\htdocs\landing-tiec\bootstrap\cache\compiled.php(13474): Illuminate\Routing\Pipeline->Illuminate\Routing\{closure}(Object(Illuminate\Http\Request))
#35 [internal function]: Illuminate\View\Middleware\ShareErrorsFromSession->handle(Object(Illuminate\Http\Request), Object(Closure))
#36 C:\xampp5\htdocs\landing-tiec\bootstrap\cache\compiled.php(9963): call_user_func_array(Array, Array)
#37 [internal function]: Illuminate\Pipeline\Pipeline->Illuminate\Pipeline\{closure}(Object(Illuminate\Http\Request))
#38 C:\xampp5\htdocs\landing-tiec\vendor\laravel\framework\src\Illuminate\Routing\Pipeline.php(32): call_user_func(Object(Closure), Object(Illuminate\Http\Request))
#39 C:\xampp5\htdocs\landing-tiec\bootstrap\cache\compiled.php(11964): Illuminate\Routing\Pipeline->Illuminate\Routing\{closure}(Object(Illuminate\Http\Request))
#40 [internal function]: Illuminate\Session\Middleware\StartSession->handle(Object(Illuminate\Http\Request), Object(Closure))
#41 C:\xampp5\htdocs\landing-tiec\bootstrap\cache\compiled.php(9963): call_user_func_array(Array, Array)
#42 [internal function]: Illuminate\Pipeline\Pipeline->Illuminate\Pipeline\{closure}(Object(Illuminate\Http\Request))
#43 C:\xampp5\htdocs\landing-tiec\vendor\laravel\framework\src\Illuminate\Routing\Pipeline.php(32): call_user_func(Object(Closure), Object(Illuminate\Http\Request))
#44 C:\xampp5\htdocs\landing-tiec\bootstrap\cache\compiled.php(13213): Illuminate\Routing\Pipeline->Illuminate\Routing\{closure}(Object(Illuminate\Http\Request))
#45 [internal function]: Illuminate\Cookie\Middleware\AddQueuedCookiesToResponse->handle(Object(Illuminate\Http\Request), Object(Closure))
#46 C:\xampp5\htdocs\landing-tiec\bootstrap\cache\compiled.php(9963): call_user_func_array(Array, Array)
#47 [internal function]: Illuminate\Pipeline\Pipeline->Illuminate\Pipeline\{closure}(Object(Illuminate\Http\Request))
#48 C:\xampp5\htdocs\landing-tiec\vendor\laravel\framework\src\Illuminate\Routing\Pipeline.php(32): call_user_func(Object(Closure), Object(Illuminate\Http\Request))
#49 C:\xampp5\htdocs\landing-tiec\bootstrap\cache\compiled.php(13150): Illuminate\Routing\Pipeline->Illuminate\Routing\{closure}(Object(Illuminate\Http\Request))
#50 [internal function]: Illuminate\Cookie\Middleware\EncryptCookies->handle(Object(Illuminate\Http\Request), Object(Closure))
#51 C:\xampp5\htdocs\landing-tiec\bootstrap\cache\compiled.php(9963): call_user_func_array(Array, Array)
#52 [internal function]: Illuminate\Pipeline\Pipeline->Illuminate\Pipeline\{closure}(Object(Illuminate\Http\Request))
#53 C:\xampp5\htdocs\landing-tiec\vendor\laravel\framework\src\Illuminate\Routing\Pipeline.php(32): call_user_func(Object(Closure), Object(Illuminate\Http\Request))
#54 [internal function]: Illuminate\Routing\Pipeline->Illuminate\Routing\{closure}(Object(Illuminate\Http\Request))
#55 C:\xampp5\htdocs\landing-tiec\bootstrap\cache\compiled.php(9948): call_user_func(Object(Closure), Object(Illuminate\Http\Request))
#56 C:\xampp5\htdocs\landing-tiec\bootstrap\cache\compiled.php(8226): Illuminate\Pipeline\Pipeline->then(Object(Closure))
#57 C:\xampp5\htdocs\landing-tiec\bootstrap\cache\compiled.php(8217): Illuminate\Routing\Router->runRouteWithinStack(Object(Illuminate\Routing\Route), Object(Illuminate\Http\Request))
#58 C:\xampp5\htdocs\landing-tiec\bootstrap\cache\compiled.php(8207): Illuminate\Routing\Router->dispatchToRoute(Object(Illuminate\Http\Request))
#59 C:\xampp5\htdocs\landing-tiec\bootstrap\cache\compiled.php(2419): Illuminate\Routing\Router->dispatch(Object(Illuminate\Http\Request))
#60 [internal function]: Illuminate\Foundation\Http\Kernel->Illuminate\Foundation\Http\{closure}(Object(Illuminate\Http\Request))
#61 C:\xampp5\htdocs\landing-tiec\vendor\laravel\framework\src\Illuminate\Routing\Pipeline.php(52): call_user_func(Object(Closure), Object(Illuminate\Http\Request))
#62 C:\xampp5\htdocs\landing-tiec\bootstrap\cache\compiled.php(3286): Illuminate\Routing\Pipeline->Illuminate\Routing\{closure}(Object(Illuminate\Http\Request))
#63 [internal function]: Illuminate\Foundation\Http\Middleware\CheckForMaintenanceMode->handle(Object(Illuminate\Http\Request), Object(Closure))
#64 C:\xampp5\htdocs\landing-tiec\bootstrap\cache\compiled.php(9963): call_user_func_array(Array, Array)
#65 [internal function]: Illuminate\Pipeline\Pipeline->Illuminate\Pipeline\{closure}(Object(Illuminate\Http\Request))
#66 C:\xampp5\htdocs\landing-tiec\vendor\laravel\framework\src\Illuminate\Routing\Pipeline.php(32): call_user_func(Object(Closure), Object(Illuminate\Http\Request))
#67 [internal function]: Illuminate\Routing\Pipeline->Illuminate\Routing\{closure}(Object(Illuminate\Http\Request))
#68 C:\xampp5\htdocs\landing-tiec\bootstrap\cache\compiled.php(9948): call_user_func(Object(Closure), Object(Illuminate\Http\Request))
#69 C:\xampp5\htdocs\landing-tiec\bootstrap\cache\compiled.php(2366): Illuminate\Pipeline\Pipeline->then(Object(Closure))
#70 C:\xampp5\htdocs\landing-tiec\bootstrap\cache\compiled.php(2350): Illuminate\Foundation\Http\Kernel->sendRequestThroughRouter(Object(Illuminate\Http\Request))
#71 C:\xampp5\htdocs\landing-tiec\public\index.php(53): Illuminate\Foundation\Http\Kernel->handle(Object(Illuminate\Http\Request))
#72 {main}  
